make all --print-data-base --no-builtin-variables --no-builtin-rules --question
# GNU Make 4.3
# Built for x86_64-pc-linux-gnu
# Copyright (C) 1988-2020 Free Software Foundation, Inc.
# License GPLv3+: GNU GPL version 3 or later <http://gnu.org/licenses/gpl.html>
# This is free software: you are free to change and redistribute it.
# There is NO WARRANTY, to the extent permitted by law.

# Make data base, printed on Tue Jun  7 16:24:33 2022

# Variables

# environment
GDK_BACKEND = x11
# environment
LC_ALL = C
# environment
NO_AT_BRIDGE = 1
# environment
GTK_RC_FILES = /etc/gtk/gtkrc:/home/widium/.gtkrc:/home/widium/.config/gtkrc
# environment
VSCODE_IPC_HOOK_EXTHOST = /run/user/1000/vscode-ipc-1763833e-f220-4b97-8515-55fd11f5c5e9.sock
# environment
LC_NAME = fr_FR.UTF-8
# environment
LC_NUMERIC = fr_FR.UTF-8
# environment
VSCODE_CWD = /home/widium
# environment
LC_ADDRESS = fr_FR.UTF-8
# default
MAKE_COMMAND := make
# environment
GTK3_MODULES = xapp-gtk3-module
# automatic
@D = $(patsubst %/,%,$(dir $@))
# environment
GDK_DPI_SCALE = 0.5
# environment
VSCODE_HANDLES_UNCAUGHT_ERRORS = true
# default
.VARIABLES := 
# environment
PWD = /home/widium/Programming/42_cursus/pipex
# automatic
%D = $(patsubst %/,%,$(dir $%))
# environment
MAIL = /var/spool/mail/widium
# environment
XDG_DATA_DIRS = /home/widium/.local/share/flatpak/exports/share:/var/lib/flatpak/exports/share:/usr/local/share:/usr/share:/var/lib/snapd/desktop
# automatic
^D = $(patsubst %/,%,$(dir $^))
# environment
VSCODE_LOG_STACK = false
# automatic
%F = $(notdir $%)
# environment
VSCODE_CODE_CACHE_PATH = /home/widium/.config/Code/CachedData/c3511e6c69bb39013c4a4b7b9566ec1ca73fc4d5
# environment
XDG_SESSION_PATH = /org/freedesktop/DisplayManager/Session1
# environment
LANG = C
# environment
XAUTHORITY = /home/widium/.Xauthority
# default
.LOADED := 
# default
.INCLUDE_DIRS = /usr/include /usr/local/include /usr/include
# makefile
MAKEFLAGS = pqrR
# makefile
CURDIR := /home/widium/Programming/42_cursus/pipex
# environment
VSCODE_PIPE_LOGGING = true
# environment
APPLICATION_INSIGHTS_NO_DIAGNOSTIC_CHANNEL = 1
# makefile (from 'Makefile', line 15)
SRCS = get_next_line/get_next_line.c main.c init.c recover.c parsing.c test.c command.c pipe.c utils.c redirection.c all.c verbose.c file.c 
# automatic
*D = $(patsubst %/,%,$(dir $*))
# environment
PAM_KWALLET5_LOGIN = /run/user/1000/kwallet5.socket
# environment
MFLAGS = -pqrR
# default
.SHELLFLAGS := -c
# environment
QT_LINUX_ACCESSIBILITY_ALWAYS_ON = 1
# environment
XDG_CONFIG_DIRS = /home/widium/.config/kdedefaults:/etc/xdg
# automatic
+D = $(patsubst %/,%,$(dir $+))
# environment
XCURSOR_THEME = breeze_cursors
# environment
XDG_SESSION_DESKTOP = KDE
# makefile (from 'Makefile', line 1)
MAKEFILE_LIST := Makefile
# environment
CONDA_SHLVL = 0
# automatic
@F = $(notdir $@)
# environment
VSCODE_VERBOSE_LOGGING = true
# environment
VSCODE_PID = 3205
# environment
XDG_SESSION_TYPE = x11
# automatic
?D = $(patsubst %/,%,$(dir $?))
# makefile (from 'Makefile', line 34)
FLAGS = -g3 
# environment
SESSION_MANAGER = local/manjaro:@/tmp/.ICE-unix/1525,unix/manjaro:/tmp/.ICE-unix/1525
# automatic
*F = $(notdir $*)
# environment
CHROME_DESKTOP = code-url-handler.desktop
# environment
DBUS_SESSION_BUS_ADDRESS = unix:path=/run/user/1000/bus
# automatic
<D = $(patsubst %/,%,$(dir $<))
# environment
VSCODE_NLS_CONFIG = {"locale":"en-us","availableLanguages":{},"_languagePackSupport":true}
# default
MAKE_HOST := x86_64-pc-linux-gnu
# makefile (from 'Makefile', line 31)
OBJS = $(SRCS:.c=.o)
# makefile
SHELL = /bin/sh
# default
MAKECMDGOALS := all
# environment
SHLVL = 1
# environment
MAKELEVEL := 0
# default
MAKE = $(MAKE_COMMAND)
# environment
PATH = /home/widium/.local/bin:/usr/condabin:/usr/local/sbin:/usr/local/bin:/usr/bin:/usr/lib/jvm/default/bin:/usr/bin/site_perl:/usr/bin/vendor_perl:/usr/bin/core_perl:/var/lib/snapd/snap/bin
# default
MAKEFILES := 
# makefile (from 'Makefile', line 35)
SANITIZE = -fsanitize=address
# environment
LC_MONETARY = fr_FR.UTF-8
# environment
MOTD_SHOWN = pam
# automatic
^F = $(notdir $^)
# environment
LC_TIME = fr_FR.UTF-8
# environment
VSCODE_LOG_NATIVE = false
# environment
LC_TELEPHONE = fr_FR.UTF-8
# environment
GDK_SCALE = 2
# automatic
?F = $(notdir $?)
# environment
KDE_APPLICATIONS_AS_SCOPE = 1
# makefile (from 'Makefile', line 13)
NAME = pipex
# environment
XDG_SEAT = seat0
# environment
XDG_CURRENT_DESKTOP = KDE
# automatic
+F = $(notdir $+)
# environment
XDG_SEAT_PATH = /org/freedesktop/DisplayManager/Seat0
# environment
DESKTOP_SESSION = plasma
# environment
ORIGINAL_XDG_CURRENT_DESKTOP = KDE
# 'override' directive
GNUMAKEFLAGS := 
# environment
QT_SCREEN_SCALE_FACTORS = eDP-1=2;DP-1=2;DP-2=2;DP-3=2;DP-4=2;DP-3-1=2;DP-3-2=2;DP-3-3=2;DP-1-0=2;DP-1-1=2;DP-1-2=2;DP-1-3=2;DP-1-4=2;DP-1-5=2;DP-1-6=2;DP-1-7=2;
# environment
LOGNAME = widium
# environment
XDG_VTNR = 1
# makefile
.DEFAULT_GOAL := pipex
# environment
SYSTEMD_EXEC_PID = 1391
# environment
DISPLAY = :0
# environment
GTK_MODULES = canberra-gtk-module
# environment
USER = widium
# default
MAKE_VERSION := 4.3
# environment
KDE_SESSION_UID = 1000
# environment
LC_MEASUREMENT = fr_FR.UTF-8
# environment
DEBUGINFOD_URLS = https://debuginfod.archlinux.org 
# environment
_ = /usr/bin/make
# environment
LC_PAPER = fr_FR.UTF-8
# environment
XDG_RUNTIME_DIR = /run/user/1000
# environment
XDG_SESSION_CLASS = user
# environment
VSCODE_AMD_ENTRYPOINT = vs/workbench/api/node/extensionHostProcess
# environment
GTK2_RC_FILES = /etc/gtk-2.0/gtkrc:/home/widium/.gtkrc-2.0:/home/widium/.config/gtkrc-2.0
# environment
HOME = /home/widium
# environment
ELECTRON_RUN_AS_NODE = 1
# environment
VSCODE_IPC_HOOK = /run/user/1000/vscode-f0a1c65d-1.67.2-main.sock
# environment
XDG_SESSION_ID = 2
# environment
XCURSOR_SIZE = 48
# default
.RECIPEPREFIX := 
# automatic
<F = $(notdir $<)
# default
SUFFIXES := 
# environment
QT_AUTO_SCREEN_SCALE_FACTOR = 0
# environment
VSCODE_CLI = 1
# environment
ELECTRON_NO_ATTACH_CONSOLE = 1
# environment
KDE_SESSION_VERSION = 5
# default
.FEATURES := target-specific order-only second-expansion else-if shortest-stem undefine oneshell nocomment grouped-target extra-prereqs archives jobserver output-sync check-symlink guile load
 
# makefile (from 'Makefile', line 32)
CC = clang
# environment
KDE_FULL_SESSION = true
# environment
CONDA_EXE = /usr/bin/conda
# environment
LC_IDENTIFICATION = fr_FR.UTF-8
# variable set hash-table stats:
# Load=118/1024=12%, Rehash=0, Collisions=9/159=6%

# Pattern-specific Variable Values

# No pattern-specific variable values.

# Directories

# get_next_line (device 66306, inode 5243011): 11 files, no impossibilities so far.
# . (device 66306, inode 5244610): 37 files, no impossibilities.

# 48 files, no impossibilities in 2 directories.

# Implicit Rules

%.o: %.c
#  recipe to execute (from 'Makefile', line 38):
			$(CC) -c $(FLAGS) $< -o $@
	

# 1 implicit rules, 0 (0.0%) terminal.
# Files

# Not a target:
pipe.c:
#  Implicit rule search has been done.
#  Last modified 2022-06-06 13:52:33.996672385
#  File has been updated.
#  Successfully updated.

debug: get_next_line/get_next_line.o main.o init.o recover.o parsing.o test.o command.o pipe.o utils.o redirection.o all.o verbose.o file.o
#  Implicit rule search has not been done.
#  Modification time never checked.
#  File has not been updated.
#  recipe to execute (from 'Makefile', line 55):
				$(CC) $(OBJS) $(FLAGS) $(SANITIZE) -g3 libft/libft.a  -o $(NAME)
				gdb $(NAME)

# Not a target:
Makefile:
#  Implicit rule search has been done.
#  Last modified 2022-06-07 16:24:32.673332847
#  File has been updated.
#  Successfully updated.

pipex: get_next_line/get_next_line.o main.o init.o recover.o parsing.o test.o command.o pipe.o utils.o redirection.o all.o verbose.o file.o
#  Implicit rule search has not been done.
#  Last modified 2022-06-07 16:23:54.523332838
#  File has been updated.
#  Needs to be updated (-q is set).
# variable set hash-table stats:
# Load=0/32=0%, Rehash=0, Collisions=0/5=0%
#  recipe to execute (from 'Makefile', line 41):
				make -C libft
				$(CC) $(OBJS) $(FLAGS) libft/libft.a -o $(NAME)		

# Not a target:
verbose.c:
#  Implicit rule search has been done.
#  Last modified 2022-06-07 16:18:47.373332749
#  File has been updated.
#  Successfully updated.

# Not a target:
recover.c:
#  Implicit rule search has been done.
#  Last modified 2022-06-07 16:21:31.799999461
#  File has been updated.
#  Successfully updated.

clean:
#  Phony target (prerequisite of .PHONY).
#  Implicit rule search has not been done.
#  File does not exist.
#  File has not been updated.
#  recipe to execute (from 'Makefile', line 47):
				make clean -C libft
				/bin/rm -rf $(OBJS)

# Not a target:
test.c:
#  Implicit rule search has been done.
#  Last modified 2022-06-06 10:48:46.630002213
#  File has been updated.
#  Successfully updated.

# Not a target:
redirection.c:
#  Implicit rule search has been done.
#  Last modified 2022-06-07 11:36:16.156666476
#  File has been updated.
#  Successfully updated.

re: fclean all
#  Phony target (prerequisite of .PHONY).
#  Implicit rule search has not been done.
#  File does not exist.
#  File has not been updated.

all.o: all.c
#  Implicit rule search has been done.
#  Implicit/static pattern stem: 'all'
#  Last modified 2022-06-07 15:57:20.309999057
#  File has been updated.
#  Successfully updated.
#  recipe to execute (from 'Makefile', line 38):
			$(CC) -c $(FLAGS) $< -o $@
	

pipe.o: pipe.c
#  Implicit rule search has been done.
#  Implicit/static pattern stem: 'pipe'
#  Last modified 2022-06-07 15:57:20.23333239
#  File has been updated.
#  Successfully updated.
#  recipe to execute (from 'Makefile', line 38):
			$(CC) -c $(FLAGS) $< -o $@
	

init.o: init.c
#  Implicit rule search has been done.
#  Implicit/static pattern stem: 'init'
#  Last modified 2022-06-07 15:57:20.099999057
#  File has been updated.
#  Successfully updated.
#  recipe to execute (from 'Makefile', line 38):
			$(CC) -c $(FLAGS) $< -o $@
	

# Not a target:
file.c:
#  Implicit rule search has been done.
#  Last modified 2022-06-07 16:24:15.766666177
#  File has been updated.
#  Successfully updated.

file.o: file.c
#  Implicit rule search has been done.
#  Implicit/static pattern stem: 'file'
#  File does not exist.
#  File has been updated.
#  Needs to be updated (-q is set).
# automatic
# @ := file.o
# automatic
# * := file
# automatic
# < := file.c
# automatic
# + := file.c
# automatic
# % := 
# automatic
# ^ := file.c
# automatic
# ? := file.c
# automatic
# | := 
# variable set hash-table stats:
# Load=8/32=25%, Rehash=0, Collisions=2/15=13%
#  recipe to execute (from 'Makefile', line 38):
			$(CC) -c $(FLAGS) $< -o $@
	

# Not a target:
utils.c:
#  Implicit rule search has been done.
#  Last modified 2022-06-07 13:30:01.963333316
#  File has been updated.
#  Successfully updated.

get_next_line/get_next_line.o: get_next_line/get_next_line.c
#  Implicit rule search has been done.
#  Implicit/static pattern stem: 'get_next_line/get_next_line'
#  Last modified 2022-06-07 15:57:20.049999057
#  File has been updated.
#  Successfully updated.
#  recipe to execute (from 'Makefile', line 38):
			$(CC) -c $(FLAGS) $< -o $@
	

# Not a target:
.DEFAULT:
#  Implicit rule search has not been done.
#  Modification time never checked.
#  File has not been updated.

verbose.o: verbose.c
#  Implicit rule search has been done.
#  Implicit/static pattern stem: 'verbose'
#  Last modified 2022-06-07 16:18:48.77333275
#  File has been updated.
#  Successfully updated.
#  recipe to execute (from 'Makefile', line 38):
			$(CC) -c $(FLAGS) $< -o $@
	

all: pipex
#  Phony target (prerequisite of .PHONY).
#  Command line target.
#  Implicit rule search has not been done.
#  File does not exist.
#  File has been updated.
#  Needs to be updated (-q is set).
# variable set hash-table stats:
# Load=0/32=0%, Rehash=0, Collisions=0/5=0%

fclean: clean
#  Phony target (prerequisite of .PHONY).
#  Implicit rule search has not been done.
#  File does not exist.
#  File has not been updated.
#  recipe to execute (from 'Makefile', line 51):
				make fclean -C libft
				/bin/rm -rf $(NAME)

# Not a target:
main.c:
#  Implicit rule search has been done.
#  Last modified 2022-06-07 07:28:15.903335468
#  File has been updated.
#  Successfully updated.

# Not a target:
init.c:
#  Implicit rule search has been done.
#  Last modified 2022-06-06 16:23:20.266667184
#  File has been updated.
#  Successfully updated.

main.o: main.c
#  Implicit rule search has been done.
#  Implicit/static pattern stem: 'main'
#  Last modified 2022-06-07 15:57:20.07333239
#  File has been updated.
#  Successfully updated.
#  recipe to execute (from 'Makefile', line 38):
			$(CC) -c $(FLAGS) $< -o $@
	

# Not a target:
all.c:
#  Implicit rule search has been done.
#  Last modified 2022-06-06 14:53:09.986674028
#  File has been updated.
#  Successfully updated.

command.o: command.c
#  Implicit rule search has been done.
#  Implicit/static pattern stem: 'command'
#  Last modified 2022-06-07 15:57:20.206665724
#  File has been updated.
#  Successfully updated.
#  recipe to execute (from 'Makefile', line 38):
			$(CC) -c $(FLAGS) $< -o $@
	

test.o: test.c
#  Implicit rule search has been done.
#  Implicit/static pattern stem: 'test'
#  Last modified 2022-06-07 15:57:20.179999057
#  File has been updated.
#  Successfully updated.
#  recipe to execute (from 'Makefile', line 38):
			$(CC) -c $(FLAGS) $< -o $@
	

# Not a target:
parsing.c:
#  Implicit rule search has been done.
 
#  Last modified 2022-06-07 16:23:35.046666165
#  File has been updated.
#  Successfully updated.

parsing.o: parsing.c
#  Implicit rule search has been done.
#  Implicit/static pattern stem: 'parsing'
#  Last modified 2022-06-07 16:23:54.496666171
#  File has been updated.
#  Successfully updated.
#  recipe to execute (from 'Makefile', line 38):
			$(CC) -c $(FLAGS) $< -o $@
	

utils.o: utils.c
#  Implicit rule search has been done.
#  Implicit/static pattern stem: 'utils'
#  Last modified 2022-06-07 15:57:20.259999057
#  File has been updated.
#  Successfully updated.
#  recipe to execute (from 'Makefile', line 38):
			$(CC) -c $(FLAGS) $< -o $@
	

redirection.o: redirection.c
#  Implicit rule search has been done.
#  Implicit/static pattern stem: 'redirection'
#  Last modified 2022-06-07 15:57:20.286665724
#  File has been updated.
#  Successfully updated.
#  recipe to execute (from 'Makefile', line 38):
			$(CC) -c $(FLAGS) $< -o $@
	

.PHONY: all clean fclean re
#  Implicit rule search has not been done.
#  Modification time never checked.
#  File has not been updated.

# Not a target:
command.c:
#  Implicit rule search has been done.
#  Last modified 2022-06-06 14:43:56.380007192
#  File has been updated.
#  Successfully updated.

# Not a target:
get_next_line/get_next_line.c:
#  Implicit rule search has been done.
#  Last modified 2022-06-06 16:43:02.033334214
#  File has been updated.
#  Successfully updated.

recover.o: recover.c
#  Implicit rule search has been done.
#  Implicit/static pattern stem: 'recover'
#  Last modified 2022-06-07 16:21:48.446666132
#  File has been updated.
#  Successfully updated.
#  recipe to execute (from 'Makefile', line 38):
			$(CC) -c $(FLAGS) $< -o $@
	

# files hash-table stats:
# Load=36/1024=4%, Rehash=0, Collisions=0/120=0%
# VPATH Search Paths

# No 'vpath' search paths.

# No general ('VPATH' variable) search path.

# strcache buffers: 1 (0) / strings = 72 / storage = 732 B / avg = 10 B
# current buf: size = 8162 B / used = 732 B / count = 72 / avg = 10 B

# strcache performance: lookups = 147 / hit rate = 51%
# hash-table stats:
# Load=72/8192=1%, Rehash=0, Collisions=0/147=0%
# Finished Make data base on Tue Jun  7 16:24:33 2022

 
